<?xml version="1.0" encoding="UTF-8"?>
<coverage generated="1675993292362" clover="3.2.0">
  <project timestamp="1675993292362" name="All files">
    <metrics statements="68" coveredstatements="65" conditionals="10" coveredconditionals="9" methods="31" coveredmethods="28" elements="109" coveredelements="102" complexity="0" loc="68" ncloc="68" packages="10" files="14" classes="14"/>
    <package name="api">
      <metrics statements="9" coveredstatements="7" conditionals="0" coveredconditionals="0" methods="4" coveredmethods="2"/>
      <file name="api.ts" path="C:/Users/bimbo/OneDrive/Escritorio/space-tourism-space/space-tourism/api/api.ts">
        <metrics statements="9" coveredstatements="7" conditionals="0" coveredconditionals="0" methods="4" coveredmethods="2"/>
        <line num="7" count="2" type="stmt"/>
        <line num="50" count="2" type="stmt"/>
        <line num="88" count="2" type="stmt"/>
        <line num="115" count="2" type="stmt"/>
        <line num="134" count="2" type="stmt"/>
        <line num="136" count="2" type="stmt"/>
        <line num="139" count="0" type="stmt"/>
        <line num="142" count="0" type="stmt"/>
        <line num="145" count="2" type="stmt"/>
      </file>
    </package>
    <package name="hooks">
      <metrics statements="22" coveredstatements="21" conditionals="2" coveredconditionals="1" methods="9" coveredmethods="8"/>
      <file name="useCustomNav.ts" path="C:/Users/bimbo/OneDrive/Escritorio/space-tourism-space/space-tourism/hooks/useCustomNav.ts">
        <metrics statements="5" coveredstatements="4" conditionals="0" coveredconditionals="0" methods="2" coveredmethods="1"/>
        <line num="5" count="1" type="stmt"/>
        <line num="6" count="2" type="stmt"/>
        <line num="8" count="2" type="stmt"/>
        <line num="9" count="0" type="stmt"/>
        <line num="12" count="2" type="stmt"/>
      </file>
      <file name="useDestination.ts" path="C:/Users/bimbo/OneDrive/Escritorio/space-tourism-space/space-tourism/hooks/useDestination.ts">
        <metrics statements="11" coveredstatements="11" conditionals="2" coveredconditionals="1" methods="4" coveredmethods="4"/>
        <line num="5" count="1" type="stmt"/>
        <line num="6" count="6" type="stmt"/>
        <line num="7" count="5" type="stmt"/>
        <line num="18" count="5" type="stmt"/>
        <line num="19" count="2" type="stmt"/>
        <line num="20" count="2" type="stmt"/>
        <line num="21" count="2" type="stmt"/>
        <line num="25" count="5" type="stmt"/>
        <line num="26" count="1" type="cond" truecount="1" falsecount="1"/>
        <line num="27" count="1" type="stmt"/>
        <line num="30" count="5" type="stmt"/>
      </file>
      <file name="useLinks.ts" path="C:/Users/bimbo/OneDrive/Escritorio/space-tourism-space/space-tourism/hooks/useLinks.ts">
        <metrics statements="6" coveredstatements="6" conditionals="0" coveredconditionals="0" methods="3" coveredmethods="3"/>
        <line num="5" count="1" type="stmt"/>
        <line num="6" count="2" type="stmt"/>
        <line num="8" count="2" type="stmt"/>
        <line num="9" count="2" type="stmt"/>
        <line num="10" count="2" type="stmt"/>
        <line num="14" count="2" type="stmt"/>
      </file>
    </package>
    <package name="src.components.asideComponent">
      <metrics statements="6" coveredstatements="6" conditionals="0" coveredconditionals="0" methods="3" coveredmethods="3"/>
      <file name="AsideComponent.tsx" path="C:/Users/bimbo/OneDrive/Escritorio/space-tourism-space/space-tourism/src/components/asideComponent/AsideComponent.tsx">
        <metrics statements="6" coveredstatements="6" conditionals="0" coveredconditionals="0" methods="3" coveredmethods="3"/>
        <line num="14" count="3" type="stmt"/>
        <line num="20" count="3" type="stmt"/>
        <line num="22" count="4" type="stmt"/>
        <line num="30" count="1" type="stmt"/>
        <line num="31" count="1" type="stmt"/>
        <line num="38" count="4" type="stmt"/>
      </file>
    </package>
    <package name="src.components.containerChild">
      <metrics statements="2" coveredstatements="2" conditionals="0" coveredconditionals="0" methods="1" coveredmethods="1"/>
      <file name="ContainerChild.tsx" path="C:/Users/bimbo/OneDrive/Escritorio/space-tourism-space/space-tourism/src/components/containerChild/ContainerChild.tsx">
        <metrics statements="2" coveredstatements="2" conditionals="0" coveredconditionals="0" methods="1" coveredmethods="1"/>
        <line num="7" count="2" type="stmt"/>
        <line num="8" count="12" type="stmt"/>
      </file>
    </package>
    <package name="src.components.containerContent">
      <metrics statements="3" coveredstatements="3" conditionals="0" coveredconditionals="0" methods="1" coveredmethods="1"/>
      <file name="ContainerContext.tsx" path="C:/Users/bimbo/OneDrive/Escritorio/space-tourism-space/space-tourism/src/components/containerContent/ContainerContext.tsx">
        <metrics statements="3" coveredstatements="3" conditionals="0" coveredconditionals="0" methods="1" coveredmethods="1"/>
        <line num="8" count="2" type="stmt"/>
        <line num="22" count="2" type="stmt"/>
        <line num="23" count="7" type="stmt"/>
      </file>
    </package>
    <package name="src.components.navOptions">
      <metrics statements="2" coveredstatements="2" conditionals="0" coveredconditionals="0" methods="1" coveredmethods="1"/>
      <file name="navOptions.tsx" path="C:/Users/bimbo/OneDrive/Escritorio/space-tourism-space/space-tourism/src/components/navOptions/navOptions.tsx">
        <metrics statements="2" coveredstatements="2" conditionals="0" coveredconditionals="0" methods="1" coveredmethods="1"/>
        <line num="8" count="2" type="stmt"/>
        <line num="9" count="7" type="stmt"/>
      </file>
    </package>
    <package name="src.components.navbar">
      <metrics statements="13" coveredstatements="13" conditionals="6" coveredconditionals="6" methods="6" coveredmethods="6"/>
      <file name="link.navbar.component.tsx" path="C:/Users/bimbo/OneDrive/Escritorio/space-tourism-space/space-tourism/src/components/navbar/link.navbar.component.tsx">
        <metrics statements="3" coveredstatements="3" conditionals="2" coveredconditionals="2" methods="2" coveredmethods="2"/>
        <line num="12" count="4" type="stmt"/>
        <line num="14" count="10" type="stmt"/>
        <line num="19" count="1" type="cond" truecount="2" falsecount="0"/>
      </file>
      <file name="navbar.component.tsx" path="C:/Users/bimbo/OneDrive/Escritorio/space-tourism-space/space-tourism/src/components/navbar/navbar.component.tsx">
        <metrics statements="10" coveredstatements="10" conditionals="4" coveredconditionals="4" methods="4" coveredmethods="4"/>
        <line num="8" count="2" type="stmt"/>
        <line num="10" count="7" type="stmt"/>
        <line num="11" count="6" type="stmt"/>
        <line num="12" count="6" type="stmt"/>
        <line num="13" count="6" type="stmt"/>
        <line num="15" count="6" type="stmt"/>
        <line num="18" count="1" type="stmt"/>
        <line num="28" count="4" type="stmt"/>
        <line num="35" count="1" type="stmt"/>
        <line num="36" count="1" type="stmt"/>
      </file>
    </package>
    <package name="src.components.paragrahp">
      <metrics statements="2" coveredstatements="2" conditionals="0" coveredconditionals="0" methods="1" coveredmethods="1"/>
      <file name="Paragrahp.tsx" path="C:/Users/bimbo/OneDrive/Escritorio/space-tourism-space/space-tourism/src/components/paragrahp/Paragrahp.tsx">
        <metrics statements="2" coveredstatements="2" conditionals="0" coveredconditionals="0" methods="1" coveredmethods="1"/>
        <line num="8" count="2" type="stmt"/>
        <line num="9" count="6" type="stmt"/>
      </file>
    </package>
    <package name="src.components.wrapper">
      <metrics statements="2" coveredstatements="2" conditionals="0" coveredconditionals="0" methods="1" coveredmethods="1"/>
      <file name="wrapperComponent.tsx" path="C:/Users/bimbo/OneDrive/Escritorio/space-tourism-space/space-tourism/src/components/wrapper/wrapperComponent.tsx">
        <metrics statements="2" coveredstatements="2" conditionals="0" coveredconditionals="0" methods="1" coveredmethods="1"/>
        <line num="9" count="1" type="stmt"/>
        <line num="12" count="2" type="stmt"/>
      </file>
    </package>
    <package name="src.pages.destination">
      <metrics statements="7" coveredstatements="7" conditionals="2" coveredconditionals="2" methods="4" coveredmethods="4"/>
      <file name="DestinationComponent.tsx" path="C:/Users/bimbo/OneDrive/Escritorio/space-tourism-space/space-tourism/src/pages/destination/DestinationComponent.tsx">
        <metrics statements="5" coveredstatements="5" conditionals="0" coveredconditionals="0" methods="3" coveredmethods="3"/>
        <line num="10" count="1" type="stmt"/>
        <line num="12" count="6" type="stmt"/>
        <line num="14" count="5" type="stmt"/>
        <line num="37" count="12" type="stmt"/>
        <line num="41" count="1" type="stmt"/>
      </file>
      <file name="LinkDestination.tsx" path="C:/Users/bimbo/OneDrive/Escritorio/space-tourism-space/space-tourism/src/pages/destination/LinkDestination.tsx">
        <metrics statements="2" coveredstatements="2" conditionals="2" coveredconditionals="2" methods="1" coveredmethods="1"/>
        <line num="12" count="2" type="stmt"/>
        <line num="14" count="14" type="stmt"/>
      </file>
    </package>
  </project>
</coverage>
