{"C:/Users/bimbo/OneDrive/Escritorio/space-tourism-space/space-tourism/api/api.ts": {"path":"C:/Users/bimbo/OneDrive/Escritorio/space-tourism-space/space-tourism/api/api.ts","statementMap":{"0":{"start":{"line":7,"column":39},"end":{"line":48,"column":null}},"1":{"start":{"line":50,"column":25},"end":{"line":87,"column":null}},"2":{"start":{"line":88,"column":37},"end":{"line":113,"column":null}},"3":{"start":{"line":115,"column":26},"end":{"line":131,"column":null}},"4":{"start":{"line":134,"column":19},"end":{"line":147,"column":null}},"5":{"start":{"line":136,"column":8},"end":{"line":136,"column":null}},"6":{"start":{"line":139,"column":8},"end":{"line":139,"column":null}},"7":{"start":{"line":142,"column":8},"end":{"line":142,"column":null}},"8":{"start":{"line":145,"column":8},"end":{"line":145,"column":null}}},"fnMap":{"0":{"name":"(anonymous_0)","decl":{"start":{"line":135,"column":17},"end":{"line":135,"column":53}},"loc":{"start":{"line":135,"column":53},"end":{"line":137,"column":null}}},"1":{"name":"(anonymous_1)","decl":{"start":{"line":138,"column":10},"end":{"line":138,"column":39}},"loc":{"start":{"line":138,"column":39},"end":{"line":140,"column":null}}},"2":{"name":"(anonymous_2)","decl":{"start":{"line":141,"column":16},"end":{"line":141,"column":51}},"loc":{"start":{"line":141,"column":51},"end":{"line":143,"column":null}}},"3":{"name":"(anonymous_3)","decl":{"start":{"line":144,"column":10},"end":{"line":144,"column":40}},"loc":{"start":{"line":144,"column":40},"end":{"line":146,"column":null}}}},"branchMap":{},"s":{"0":2,"1":2,"2":2,"3":2,"4":2,"5":2,"6":0,"7":0,"8":2},"f":{"0":2,"1":0,"2":0,"3":2},"b":{}}
,"C:/Users/bimbo/OneDrive/Escritorio/space-tourism-space/space-tourism/hooks/useCustomNav.ts": {"path":"C:/Users/bimbo/OneDrive/Escritorio/space-tourism-space/space-tourism/hooks/useCustomNav.ts","statementMap":{"0":{"start":{"line":5,"column":28},"end":{"line":13,"column":null}},"1":{"start":{"line":6,"column":21},"end":{"line":6,"column":null}},"2":{"start":{"line":8,"column":27},"end":{"line":10,"column":null}},"3":{"start":{"line":9,"column":8},"end":{"line":9,"column":null}},"4":{"start":{"line":12,"column":4},"end":{"line":12,"column":null}}},"fnMap":{"0":{"name":"(anonymous_0)","decl":{"start":{"line":5,"column":28},"end":{"line":5,"column":59}},"loc":{"start":{"line":5,"column":59},"end":{"line":13,"column":null}}},"1":{"name":"(anonymous_1)","decl":{"start":{"line":8,"column":27},"end":{"line":8,"column":28}},"loc":{"start":{"line":8,"column":42},"end":{"line":10,"column":null}}}},"branchMap":{},"s":{"0":1,"1":2,"2":2,"3":0,"4":2},"f":{"0":2,"1":0},"b":{}}
,"C:/Users/bimbo/OneDrive/Escritorio/space-tourism-space/space-tourism/hooks/useDestination.ts": {"path":"C:/Users/bimbo/OneDrive/Escritorio/space-tourism-space/space-tourism/hooks/useDestination.ts","statementMap":{"0":{"start":{"line":5,"column":30},"end":{"line":31,"column":null}},"1":{"start":{"line":6,"column":28},"end":{"line":6,"column":null}},"2":{"start":{"line":7,"column":56},"end":{"line":16,"column":null}},"3":{"start":{"line":18,"column":4},"end":{"line":23,"column":null}},"4":{"start":{"line":19,"column":8},"end":{"line":22,"column":null}},"5":{"start":{"line":20,"column":12},"end":{"line":20,"column":null}},"6":{"start":{"line":21,"column":12},"end":{"line":21,"column":null}},"7":{"start":{"line":25,"column":30},"end":{"line":28,"column":null}},"8":{"start":{"line":26,"column":8},"end":{"line":26,"column":null}},"9":{"start":{"line":26,"column":26},"end":{"line":26,"column":null}},"10":{"start":{"line":27,"column":8},"end":{"line":27,"column":null}},"11":{"start":{"line":30,"column":4},"end":{"line":30,"column":null}}},"fnMap":{"0":{"name":"(anonymous_0)","decl":{"start":{"line":5,"column":30},"end":{"line":5,"column":102}},"loc":{"start":{"line":5,"column":102},"end":{"line":31,"column":null}}},"1":{"name":"(anonymous_1)","decl":{"start":{"line":18,"column":14},"end":{"line":18,"column":20}},"loc":{"start":{"line":18,"column":20},"end":{"line":23,"column":7}}},"2":{"name":"(anonymous_2)","decl":{"start":{"line":19,"column":31},"end":{"line":19,"column":32}},"loc":{"start":{"line":19,"column":45},"end":{"line":22,"column":9}}},"3":{"name":"(anonymous_3)","decl":{"start":{"line":25,"column":30},"end":{"line":25,"column":31}},"loc":{"start":{"line":25,"column":60},"end":{"line":28,"column":null}}}},"branchMap":{"0":{"loc":{"start":{"line":26,"column":8},"end":{"line":26,"column":null}},"type":"if","locations":[{"start":{"line":26,"column":8},"end":{"line":26,"column":null}},{"start":{"line":26,"column":8},"end":{"line":26,"column":null}}]}},"s":{"0":1,"1":6,"2":5,"3":5,"4":2,"5":2,"6":2,"7":5,"8":1,"9":0,"10":1,"11":5},"f":{"0":6,"1":2,"2":2,"3":1},"b":{"0":[0,1]}}
,"C:/Users/bimbo/OneDrive/Escritorio/space-tourism-space/space-tourism/hooks/useLinks.ts": {"path":"C:/Users/bimbo/OneDrive/Escritorio/space-tourism-space/space-tourism/hooks/useLinks.ts","statementMap":{"0":{"start":{"line":5,"column":24},"end":{"line":15,"column":null}},"1":{"start":{"line":6,"column":28},"end":{"line":6,"column":null}},"2":{"start":{"line":8,"column":4},"end":{"line":12,"column":null}},"3":{"start":{"line":9,"column":8},"end":{"line":11,"column":null}},"4":{"start":{"line":10,"column":12},"end":{"line":10,"column":null}},"5":{"start":{"line":14,"column":4},"end":{"line":14,"column":null}}},"fnMap":{"0":{"name":"(anonymous_0)","decl":{"start":{"line":5,"column":24},"end":{"line":5,"column":44}},"loc":{"start":{"line":5,"column":44},"end":{"line":15,"column":null}}},"1":{"name":"(anonymous_1)","decl":{"start":{"line":8,"column":14},"end":{"line":8,"column":20}},"loc":{"start":{"line":8,"column":20},"end":{"line":12,"column":7}}},"2":{"name":"(anonymous_2)","decl":{"start":{"line":9,"column":24},"end":{"line":9,"column":25}},"loc":{"start":{"line":9,"column":38},"end":{"line":11,"column":9}}}},"branchMap":{},"s":{"0":1,"1":2,"2":2,"3":2,"4":2,"5":2},"f":{"0":2,"1":2,"2":2},"b":{}}
,"C:/Users/bimbo/OneDrive/Escritorio/space-tourism-space/space-tourism/src/components/asideComponent/AsideComponent.tsx": {"path":"C:/Users/bimbo/OneDrive/Escritorio/space-tourism-space/space-tourism/src/components/asideComponent/AsideComponent.tsx","statementMap":{"0":{"start":{"line":14,"column":17},"end":{"line":17,"column":null}},"1":{"start":{"line":20,"column":23},"end":{"line":46,"column":null}},"2":{"start":{"line":22,"column":4},"end":{"line":44,"column":null}},"3":{"start":{"line":30,"column":16},"end":{"line":30,"column":null}},"4":{"start":{"line":31,"column":16},"end":{"line":31,"column":null}},"5":{"start":{"line":38,"column":24},"end":{"line":39,"column":null}}},"fnMap":{"0":{"name":"(anonymous_0)","decl":{"start":{"line":20,"column":23},"end":{"line":20,"column":24}},"loc":{"start":{"line":20,"column":82},"end":{"line":46,"column":null}}},"1":{"name":"(anonymous_1)","decl":{"start":{"line":29,"column":21},"end":{"line":29,"column":22}},"loc":{"start":{"line":29,"column":28},"end":{"line":32,"column":15}}},"2":{"name":"(anonymous_2)","decl":{"start":{"line":37,"column":30},"end":{"line":37,"column":31}},"loc":{"start":{"line":37,"column":43},"end":{"line":41,"column":21}}}},"branchMap":{},"s":{"0":3,"1":3,"2":4,"3":1,"4":1,"5":4},"f":{"0":4,"1":1,"2":4},"b":{}}
,"C:/Users/bimbo/OneDrive/Escritorio/space-tourism-space/space-tourism/src/components/containerChild/ContainerChild.tsx": {"path":"C:/Users/bimbo/OneDrive/Escritorio/space-tourism-space/space-tourism/src/components/containerChild/ContainerChild.tsx","statementMap":{"0":{"start":{"line":7,"column":23},"end":{"line":13,"column":null}},"1":{"start":{"line":8,"column":2},"end":{"line":11,"column":null}}},"fnMap":{"0":{"name":"(anonymous_0)","decl":{"start":{"line":7,"column":23},"end":{"line":7,"column":24}},"loc":{"start":{"line":7,"column":48},"end":{"line":13,"column":null}}}},"branchMap":{},"s":{"0":2,"1":12},"f":{"0":12},"b":{}}
,"C:/Users/bimbo/OneDrive/Escritorio/space-tourism-space/space-tourism/src/components/containerContent/ContainerContext.tsx": {"path":"C:/Users/bimbo/OneDrive/Escritorio/space-tourism-space/space-tourism/src/components/containerContent/ContainerContext.tsx","statementMap":{"0":{"start":{"line":8,"column":17},"end":{"line":20,"column":null}},"1":{"start":{"line":22,"column":25},"end":{"line":34,"column":null}},"2":{"start":{"line":23,"column":2},"end":{"line":32,"column":null}}},"fnMap":{"0":{"name":"(anonymous_0)","decl":{"start":{"line":22,"column":25},"end":{"line":22,"column":26}},"loc":{"start":{"line":22,"column":47},"end":{"line":34,"column":null}}}},"branchMap":{},"s":{"0":2,"1":2,"2":7},"f":{"0":7},"b":{}}
,"C:/Users/bimbo/OneDrive/Escritorio/space-tourism-space/space-tourism/src/components/navOptions/navOptions.tsx": {"path":"C:/Users/bimbo/OneDrive/Escritorio/space-tourism-space/space-tourism/src/components/navOptions/navOptions.tsx","statementMap":{"0":{"start":{"line":8,"column":19},"end":{"line":14,"column":null}},"1":{"start":{"line":9,"column":2},"end":{"line":12,"column":null}}},"fnMap":{"0":{"name":"(anonymous_0)","decl":{"start":{"line":8,"column":19},"end":{"line":8,"column":20}},"loc":{"start":{"line":8,"column":41},"end":{"line":14,"column":null}}}},"branchMap":{},"s":{"0":2,"1":7},"f":{"0":7},"b":{}}
,"C:/Users/bimbo/OneDrive/Escritorio/space-tourism-space/space-tourism/src/components/navbar/link.navbar.component.tsx": {"path":"C:/Users/bimbo/OneDrive/Escritorio/space-tourism-space/space-tourism/src/components/navbar/link.navbar.component.tsx","statementMap":{"0":{"start":{"line":12,"column":22},"end":{"line":22,"column":null}},"1":{"start":{"line":14,"column":2},"end":{"line":19,"column":null}},"2":{"start":{"line":19,"column":17},"end":{"line":19,"column":38}}},"fnMap":{"0":{"name":"(anonymous_0)","decl":{"start":{"line":12,"column":22},"end":{"line":12,"column":23}},"loc":{"start":{"line":12,"column":76},"end":{"line":22,"column":null}}},"1":{"name":"(anonymous_1)","decl":{"start":{"line":19,"column":13},"end":{"line":19,"column":17}},"loc":{"start":{"line":19,"column":17},"end":{"line":19,"column":38}}}},"branchMap":{"0":{"loc":{"start":{"line":19,"column":52},"end":{"line":19,"column":197}},"type":"cond-expr","locations":[{"start":{"line":19,"column":62},"end":{"line":19,"column":79}},{"start":{"line":19,"column":79},"end":{"line":19,"column":197}}]}},"s":{"0":4,"1":10,"2":1},"f":{"0":10,"1":1},"b":{"0":[7,3]}}
,"C:/Users/bimbo/OneDrive/Escritorio/space-tourism-space/space-tourism/src/components/navbar/navbar.component.tsx": {"path":"C:/Users/bimbo/OneDrive/Escritorio/space-tourism-space/space-tourism/src/components/navbar/navbar.component.tsx","statementMap":{"0":{"start":{"line":8,"column":24},"end":{"line":46,"column":null}},"1":{"start":{"line":10,"column":21},"end":{"line":10,"column":null}},"2":{"start":{"line":11,"column":29},"end":{"line":11,"column":null}},"3":{"start":{"line":12,"column":32},"end":{"line":12,"column":null}},"4":{"start":{"line":13,"column":20},"end":{"line":13,"column":null}},"5":{"start":{"line":15,"column":4},"end":{"line":44,"column":null}},"6":{"start":{"line":18,"column":63},"end":{"line":18,"column":83}},"7":{"start":{"line":28,"column":24},"end":{"line":29,"column":null}},"8":{"start":{"line":35,"column":16},"end":{"line":35,"column":null}},"9":{"start":{"line":36,"column":16},"end":{"line":36,"column":null}}},"fnMap":{"0":{"name":"(anonymous_0)","decl":{"start":{"line":8,"column":24},"end":{"line":8,"column":30}},"loc":{"start":{"line":8,"column":30},"end":{"line":46,"column":null}}},"1":{"name":"(anonymous_1)","decl":{"start":{"line":18,"column":55},"end":{"line":18,"column":61}},"loc":{"start":{"line":18,"column":61},"end":{"line":18,"column":null}}},"2":{"name":"(anonymous_2)","decl":{"start":{"line":27,"column":30},"end":{"line":27,"column":31}},"loc":{"start":{"line":27,"column":43},"end":{"line":31,"column":21}}},"3":{"name":"(anonymous_3)","decl":{"start":{"line":34,"column":50},"end":{"line":34,"column":51}},"loc":{"start":{"line":34,"column":57},"end":{"line":37,"column":15}}}},"branchMap":{"0":{"loc":{"start":{"line":37,"column":136},"end":{"line":37,"column":null}},"type":"cond-expr","locations":[{"start":{"line":37,"column":146},"end":{"line":37,"column":159}},{"start":{"line":37,"column":159},"end":{"line":37,"column":null}}]},"1":{"loc":{"start":{"line":41,"column":16},"end":{"line":42,"column":null}},"type":"cond-expr","locations":[{"start":{"line":41,"column":26},"end":{"line":42,"column":27}},{"start":{"line":42,"column":27},"end":{"line":42,"column":null}}]}},"s":{"0":2,"1":7,"2":6,"3":6,"4":6,"5":6,"6":1,"7":4,"8":1,"9":1},"f":{"0":7,"1":1,"2":4,"3":1},"b":{"0":[1,5],"1":[1,5]}}
,"C:/Users/bimbo/OneDrive/Escritorio/space-tourism-space/space-tourism/src/components/paragrahp/Paragrahp.tsx": {"path":"C:/Users/bimbo/OneDrive/Escritorio/space-tourism-space/space-tourism/src/components/paragrahp/Paragrahp.tsx","statementMap":{"0":{"start":{"line":8,"column":18},"end":{"line":17,"column":null}},"1":{"start":{"line":9,"column":4},"end":{"line":15,"column":null}}},"fnMap":{"0":{"name":"(anonymous_0)","decl":{"start":{"line":8,"column":18},"end":{"line":8,"column":19}},"loc":{"start":{"line":8,"column":39},"end":{"line":17,"column":null}}}},"branchMap":{},"s":{"0":2,"1":6},"f":{"0":6},"b":{}}
,"C:/Users/bimbo/OneDrive/Escritorio/space-tourism-space/space-tourism/src/components/wrapper/wrapperComponent.tsx": {"path":"C:/Users/bimbo/OneDrive/Escritorio/space-tourism-space/space-tourism/src/components/wrapper/wrapperComponent.tsx","statementMap":{"0":{"start":{"line":9,"column":19},"end":{"line":18,"column":null}},"1":{"start":{"line":12,"column":4},"end":{"line":16,"column":null}}},"fnMap":{"0":{"name":"(anonymous_0)","decl":{"start":{"line":9,"column":19},"end":{"line":9,"column":20}},"loc":{"start":{"line":9,"column":51},"end":{"line":18,"column":null}}}},"branchMap":{},"s":{"0":1,"1":2},"f":{"0":2},"b":{}}
,"C:/Users/bimbo/OneDrive/Escritorio/space-tourism-space/space-tourism/src/pages/destination/DestinationComponent.tsx": {"path":"C:/Users/bimbo/OneDrive/Escritorio/space-tourism-space/space-tourism/src/pages/destination/DestinationComponent.tsx","statementMap":{"0":{"start":{"line":10,"column":29},"end":{"line":91,"column":null}},"1":{"start":{"line":12,"column":65},"end":{"line":12,"column":null}},"2":{"start":{"line":14,"column":4},"end":{"line":89,"column":null}},"3":{"start":{"line":37,"column":32},"end":{"line":43,"column":null}},"4":{"start":{"line":41,"column":65},"end":{"line":41,"column":null}}},"fnMap":{"0":{"name":"(anonymous_0)","decl":{"start":{"line":10,"column":29},"end":{"line":10,"column":35}},"loc":{"start":{"line":10,"column":35},"end":{"line":91,"column":null}}},"1":{"name":"(anonymous_1)","decl":{"start":{"line":36,"column":44},"end":{"line":36,"column":45}},"loc":{"start":{"line":36,"column":61},"end":{"line":45,"column":29}}},"2":{"name":"(anonymous_2)","decl":{"start":{"line":41,"column":59},"end":{"line":41,"column":65}},"loc":{"start":{"line":41,"column":65},"end":{"line":41,"column":null}}}},"branchMap":{},"s":{"0":1,"1":6,"2":5,"3":12,"4":1},"f":{"0":6,"1":12,"2":1},"b":{}}
,"C:/Users/bimbo/OneDrive/Escritorio/space-tourism-space/space-tourism/src/pages/destination/LinkDestination.tsx": {"path":"C:/Users/bimbo/OneDrive/Escritorio/space-tourism-space/space-tourism/src/pages/destination/LinkDestination.tsx","statementMap":{"0":{"start":{"line":12,"column":33},"end":{"line":21,"column":null}},"1":{"start":{"line":14,"column":2},"end":{"line":19,"column":null}}},"fnMap":{"0":{"name":"(anonymous_0)","decl":{"start":{"line":12,"column":33},"end":{"line":12,"column":34}},"loc":{"start":{"line":12,"column":97},"end":{"line":21,"column":null}}}},"branchMap":{"0":{"loc":{"start":{"line":19,"column":48},"end":{"line":19,"column":178}},"type":"cond-expr","locations":[{"start":{"line":19,"column":58},"end":{"line":19,"column":76}},{"start":{"line":19,"column":76},"end":{"line":19,"column":178}}]}},"s":{"0":2,"1":14},"f":{"0":14},"b":{"0":[5,9]}}
}
